Traceback (most recent call last):
  File "/usr/local/bin/django-admin", line 11, in <module>
    sys.exit(execute_from_command_line())
  File "/usr/local/lib/python2.7/dist-packages/django/core/management/__init__.py", line 338, in execute_from_command_line
    utility.execute()
  File "/usr/local/lib/python2.7/dist-packages/django/core/management/__init__.py", line 330, in execute
    self.fetch_command(subcommand).run_from_argv(self.argv)
  File "/usr/local/lib/python2.7/dist-packages/django/core/management/__init__.py", line 190, in fetch_command
    klass = load_command_class(app_name, subcommand)
  File "/usr/local/lib/python2.7/dist-packages/django/core/management/__init__.py", line 40, in load_command_class
    module = import_module('%s.management.commands.%s' % (app_name, name))
  File "/usr/lib/python2.7/importlib/__init__.py", line 37, in import_module
    __import__(name)
  File "/usr/local/lib/python2.7/dist-packages/django/core/management/commands/runserver.py", line 14, in <module>
    from django.db.migrations.executor import MigrationExecutor
  File "/usr/local/lib/python2.7/dist-packages/django/db/migrations/executor.py", line 6, in <module>
    from .loader import MigrationLoader
  File "/usr/local/lib/python2.7/dist-packages/django/db/migrations/loader.py", line 10, in <module>
    from django.db.migrations.recorder import MigrationRecorder
  File "/usr/local/lib/python2.7/dist-packages/django/db/migrations/recorder.py", line 9, in <module>
    class MigrationRecorder(object):
  File "/usr/local/lib/python2.7/dist-packages/django/db/migrations/recorder.py", line 23, in MigrationRecorder
    class Migration(models.Model):
  File "/usr/local/lib/python2.7/dist-packages/django/db/migrations/recorder.py", line 24, in Migration
    app = models.CharField(max_length=255)
  File "/usr/local/lib/python2.7/dist-packages/django/db/models/fields/__init__.py", line 1081, in __init__
    super(CharField, self).__init__(*args, **kwargs)
  File "/usr/local/lib/python2.7/dist-packages/django/db/models/fields/__init__.py", line 161, in __init__
    self.db_tablespace = db_tablespace or settings.DEFAULT_INDEX_TABLESPACE
  File "/usr/local/lib/python2.7/dist-packages/django/conf/__init__.py", line 48, in __getattr__
    self._setup(name)
  File "/usr/local/lib/python2.7/dist-packages/django/conf/__init__.py", line 42, in _setup
    % (desc, ENVIRONMENT_VARIABLE))
django.core.exceptions.ImproperlyConfigured: Requested setting DEFAULT_INDEX_TABLESPACE, but settings are not configured. You must either define the environment variable DJANGO_SETTINGS_MODULE or call settings.configure() before accessing settings.
Performing system checks...

System check identified no issues (0 silenced).
April 23, 2016 - 05:00:40
Django version 1.8.4, using settings 'poapperdjango.settings'
Starting development server at http://0.0.0.0:8777/
Quit the server with CONTROL-C.
[23/Apr/2016 05:00:53] "GET / HTTP/1.1" 200 8092
[23/Apr/2016 05:00:54] "GET /static/startbootstrap-clean-blog/js/clean-blog.min.js HTTP/1.1" 200 17405
[23/Apr/2016 05:00:54] "GET /static/startbootstrap-clean-blog/css/clean-blog.min.css HTTP/1.1" 200 7088
[23/Apr/2016 05:00:54] "GET /static/startbootstrap-clean-blog/js/bootstrap.min.js HTTP/1.1" 200 36868
[23/Apr/2016 05:00:54] "GET /static/startbootstrap-clean-blog/css/bootstrap.min.css HTTP/1.1" 200 121260
[23/Apr/2016 05:00:54] "GET /static/startbootstrap-clean-blog/js/jquery.js HTTP/1.1" 200 247351
[23/Apr/2016 05:00:55] "GET /static/startbootstrap-clean-blog/img/home-bg.jpg HTTP/1.1" 200 172779
[23/Apr/2016 05:00:55] "GET /favicon.ico HTTP/1.1" 404 2054
[23/Apr/2016 05:00:57] "GET / HTTP/1.1" 200 8092
[23/Apr/2016 05:01:01] "GET / HTTP/1.1" 200 8092
[23/Apr/2016 05:01:43] "GET / HTTP/1.1" 200 8092
[23/Apr/2016 05:01:43] "GET /static/startbootstrap-clean-blog/js/bootstrap.min.js HTTP/1.1" 304 0
[23/Apr/2016 05:01:43] "GET /static/startbootstrap-clean-blog/css/clean-blog.min.css HTTP/1.1" 304 0
[23/Apr/2016 05:01:43] "GET /static/startbootstrap-clean-blog/js/jquery.js HTTP/1.1" 304 0
[23/Apr/2016 05:01:43] "GET /static/startbootstrap-clean-blog/css/bootstrap.min.css HTTP/1.1" 304 0
[23/Apr/2016 05:01:43] "GET /static/startbootstrap-clean-blog/js/clean-blog.min.js HTTP/1.1" 304 0
[23/Apr/2016 05:01:44] "GET /static/startbootstrap-clean-blog/img/home-bg.jpg HTTP/1.1" 304 0
Performing system checks...

System check identified no issues (0 silenced).
April 23, 2016 - 05:00:52
Django version 1.8.4, using settings 'poapperdjango.settings'
Starting development server at http://0.0.0.0:8777/
Quit the server with CONTROL-C.
[23/Apr/2016 05:11:28] "GET / HTTP/1.1" 200 8063
[23/Apr/2016 05:11:28] "GET /js/clean-blog.min.js HTTP/1.1" 404 2081
[23/Apr/2016 05:11:28] "GET /js/jquery.js HTTP/1.1" 404 2057
[23/Apr/2016 05:11:28] "GET /js/bootstrap.min.js HTTP/1.1" 404 2078
[23/Apr/2016 05:11:28] "GET /static/css/clean-blog.min.css HTTP/1.1" 200 7088
[23/Apr/2016 05:11:28] "GET /static/css/bootstrap.min.css HTTP/1.1" 200 121260
[23/Apr/2016 05:11:28] "GET / HTTP/1.1" 200 8063
[23/Apr/2016 05:11:45] "GET / HTTP/1.1" 200 8063
[23/Apr/2016 05:11:45] "GET /static/css/bootstrap.min.css HTTP/1.1" 304 0
[23/Apr/2016 05:11:45] "GET /js/bootstrap.min.js HTTP/1.1" 404 2078
[23/Apr/2016 05:11:45] "GET /static/css/clean-blog.min.css HTTP/1.1" 304 0
[23/Apr/2016 05:11:45] "GET /js/jquery.js HTTP/1.1" 404 2057
[23/Apr/2016 05:11:45] "GET /js/clean-blog.min.js HTTP/1.1" 404 2081
[23/Apr/2016 05:11:46] "GET /static/img/home-bg.jpg HTTP/1.1" 200 172779
[23/Apr/2016 05:14:16] "GET /index.html HTTP/1.1" 404 2051
[23/Apr/2016 05:14:18] "GET /index.html HTTP/1.1" 404 2051
[23/Apr/2016 05:14:21] "GET /about.html HTTP/1.1" 404 2051
[23/Apr/2016 05:14:27] "GET /post.html HTTP/1.1" 404 2048
[23/Apr/2016 05:17:04] "GET / HTTP/1.1" 200 8063
[23/Apr/2016 05:17:04] "GET /static/css/bootstrap.min.css HTTP/1.1" 304 0
[23/Apr/2016 05:17:04] "GET /static/css/clean-blog.min.css HTTP/1.1" 304 0
[23/Apr/2016 05:17:04] "GET /js/clean-blog.min.js HTTP/1.1" 404 2081
[23/Apr/2016 05:17:04] "GET /js/jquery.js HTTP/1.1" 404 2057
[23/Apr/2016 05:17:04] "GET /js/bootstrap.min.js HTTP/1.1" 404 2078
[23/Apr/2016 05:17:05] "GET /static/img/home-bg.jpg HTTP/1.1" 304 0
[23/Apr/2016 05:17:05] "GET /favicon.ico HTTP/1.1" 404 2054
[27/Apr/2016 02:30:06] "GET / HTTP/1.1" 200 8063
[27/Apr/2016 02:30:06] "GET /js/jquery.js HTTP/1.1" 404 2057
[27/Apr/2016 02:30:06] "GET /js/clean-blog.min.js HTTP/1.1" 404 2081
[27/Apr/2016 02:30:06] "GET /js/bootstrap.min.js HTTP/1.1" 404 2078
[27/Apr/2016 02:30:28] "GET /about.html HTTP/1.1" 404 2051
[27/Apr/2016 02:30:31] "GET /post.html HTTP/1.1" 404 2048
[27/Apr/2016 02:30:34] "GET /contact.html HTTP/1.1" 404 2057
[27/Apr/2016 02:30:36] "GET /index.html HTTP/1.1" 404 2051
[27/Apr/2016 02:30:42] "GET /index.html HTTP/1.1" 404 2051
[27/Apr/2016 02:30:45] "GET /post.html HTTP/1.1" 404 2048
Performing system checks...

System check identified no issues (0 silenced).
April 27, 2016 - 02:29:42
Django version 1.8.4, using settings 'poapperdjango.settings'
Starting development server at http://0.0.0.0:8777/
Quit the server with CONTROL-C.
[27/Apr/2016 02:41:52] "GET / HTTP/1.1" 200 8063
[27/Apr/2016 02:41:52] "GET /js/bootstrap.min.js HTTP/1.1" 404 2078
[27/Apr/2016 02:41:52] "GET /js/jquery.js HTTP/1.1" 404 2057
[27/Apr/2016 02:41:52] "GET /js/clean-blog.min.js HTTP/1.1" 404 2081
[27/Apr/2016 02:42:00] "GET /post.html HTTP/1.1" 404 2048
Performing system checks...

System check identified no issues (0 silenced).
April 30, 2016 - 08:35:18
Django version 1.8.4, using settings 'poapperdjango.settings'
Starting development server at http://0.0.0.0:7778/
Quit the server with CONTROL-C.
[30/Apr/2016 08:36:32] "GET / HTTP/1.1" 200 5130
[30/Apr/2016 08:36:32] "GET /js/bootstrap.min.js HTTP/1.1" 404 2898
[30/Apr/2016 08:36:32] "GET /js/jquery.js HTTP/1.1" 404 2877
[30/Apr/2016 08:36:32] "GET /js/clean-blog.min.js HTTP/1.1" 404 2901
[30/Apr/2016 08:38:41] "GET / HTTP/1.1" 200 5130
[30/Apr/2016 08:38:41] "GET /js/jquery.js HTTP/1.1" 404 2877
[30/Apr/2016 08:38:41] "GET /js/bootstrap.min.js HTTP/1.1" 404 2898
[30/Apr/2016 08:38:41] "GET /js/clean-blog.min.js HTTP/1.1" 404 2901
[30/Apr/2016 08:38:45] "GET /info/ HTTP/1.1" 200 4870
[30/Apr/2016 08:38:45] "GET /info/js/jquery.js HTTP/1.1" 404 2892
[30/Apr/2016 08:38:45] "GET /info/js/clean-blog.min.js HTTP/1.1" 404 2916
[30/Apr/2016 08:38:45] "GET /info/js/bootstrap.min.js HTTP/1.1" 404 2913
[30/Apr/2016 08:38:46] "GET /qna/ HTTP/1.1" 200 4863
[30/Apr/2016 08:38:46] "GET /qna/js/jquery.js HTTP/1.1" 404 2889
[30/Apr/2016 08:38:46] "GET /qna/js/bootstrap.min.js HTTP/1.1" 404 2910
[30/Apr/2016 08:38:46] "GET /qna/js/clean-blog.min.js HTTP/1.1" 404 2913
[30/Apr/2016 08:38:46] "GET /scratch/ HTTP/1.1" 200 4891
[30/Apr/2016 08:38:47] "GET /scratch/js/clean-blog.min.js HTTP/1.1" 404 2925
[30/Apr/2016 08:38:47] "GET /scratch/js/jquery.js HTTP/1.1" 404 2901
[30/Apr/2016 08:38:47] "GET /scratch/js/bootstrap.min.js HTTP/1.1" 404 2922
[30/Apr/2016 08:42:16] "GET / HTTP/1.1" 200 4970
[30/Apr/2016 08:42:16] "GET /js/jquery.js HTTP/1.1" 404 2877
[30/Apr/2016 08:42:16] "GET /js/clean-blog.min.js HTTP/1.1" 404 2901
[30/Apr/2016 08:42:16] "GET /js/bootstrap.min.js HTTP/1.1" 404 2898
[30/Apr/2016 08:42:16] "GET /static/css/bootstrap.min.css HTTP/1.1" 304 0
[30/Apr/2016 08:42:16] "GET /static/css/clean-blog.min.css HTTP/1.1" 304 0
[30/Apr/2016 08:42:17] "GET /static/img/home-bg.jpg HTTP/1.1" 304 0
[30/Apr/2016 08:42:21] "GET /js/jquery.js HTTP/1.1" 404 2877
[30/Apr/2016 08:42:44] "GET / HTTP/1.1" 200 5002
[30/Apr/2016 08:42:44] "GET /static/css/bootstrap.min.css HTTP/1.1" 304 0
[30/Apr/2016 08:42:44] "GET /static/css/clean-blog.min.css HTTP/1.1" 304 0
[30/Apr/2016 08:42:44] "GET /js/jquery.js HTTP/1.1" 404 2877
[30/Apr/2016 08:42:44] "GET /js/bootstrap.min.js HTTP/1.1" 404 2898
[30/Apr/2016 08:42:44] "GET /js/clean-blog.min.js HTTP/1.1" 404 2901
[30/Apr/2016 08:42:44] "GET /static/img/home-bg.jpg HTTP/1.1" 304 0
[30/Apr/2016 08:43:09] "GET / HTTP/1.1" 200 5003
[30/Apr/2016 08:43:09] "GET /static/css/bootstrap.min.css HTTP/1.1" 304 0
[30/Apr/2016 08:43:09] "GET /static/css/clean-blog.min.css HTTP/1.1" 304 0
[30/Apr/2016 08:43:09] "GET /js/jquery.js HTTP/1.1" 404 2877
[30/Apr/2016 08:43:09] "GET /js/clean-blog.min.js HTTP/1.1" 404 2901
[30/Apr/2016 08:43:09] "GET /js/bootstrap.min.js HTTP/1.1" 404 2898
[30/Apr/2016 08:43:09] "GET /static/img/home-bg.jpg HTTP/1.1" 304 0
[30/Apr/2016 08:43:19] "GET /1/ HTTP/1.1" 200 4530
[30/Apr/2016 08:43:20] "GET /1/js/jquery.js HTTP/1.1" 404 2883
[30/Apr/2016 08:43:20] "GET /1/js/bootstrap.min.js HTTP/1.1" 404 2904
[30/Apr/2016 08:43:20] "GET /1/js/clean-blog.min.js HTTP/1.1" 404 2907
[30/Apr/2016 08:43:21] "GET / HTTP/1.1" 200 5003
[30/Apr/2016 08:43:21] "GET /js/jquery.js HTTP/1.1" 404 2877
[30/Apr/2016 08:43:21] "GET /js/bootstrap.min.js HTTP/1.1" 404 2898
[30/Apr/2016 08:43:21] "GET /js/clean-blog.min.js HTTP/1.1" 404 2901
[03/Jun/2016 21:34:26] "GET / HTTP/1.1" 200 5003
[03/Jun/2016 21:34:26] "GET /static/css/clean-blog.min.css HTTP/1.1" 304 0
[03/Jun/2016 21:34:26] "GET /js/bootstrap.min.js HTTP/1.1" 404 3188
[03/Jun/2016 21:34:26] "GET /static/css/bootstrap.min.css HTTP/1.1" 304 0
[03/Jun/2016 21:34:26] "GET /js/clean-blog.min.js HTTP/1.1" 404 3191
[03/Jun/2016 21:34:26] "GET /js/jquery.js HTTP/1.1" 404 3167
[03/Jun/2016 21:34:26] "GET /static/img/home-bg.jpg HTTP/1.1" 304 0
[03/Jun/2016 21:34:26] "GET /favicon.ico HTTP/1.1" 404 3164
[03/Jun/2016 21:34:28] "GET /2/ HTTP/1.1" 200 5246
[03/Jun/2016 21:34:28] "GET /2/js/jquery.js HTTP/1.1" 404 3173
[03/Jun/2016 21:34:28] "GET /2/js/bootstrap.min.js HTTP/1.1" 404 3194
[03/Jun/2016 21:34:28] "GET /2/js/clean-blog.min.js HTTP/1.1" 404 3197
[03/Jun/2016 21:34:32] "GET / HTTP/1.1" 200 5003
[03/Jun/2016 21:34:32] "GET /js/clean-blog.min.js HTTP/1.1" 404 3191
[03/Jun/2016 21:34:32] "GET /js/jquery.js HTTP/1.1" 404 3167
[03/Jun/2016 21:34:32] "GET /js/bootstrap.min.js HTTP/1.1" 404 3188
[03/Jun/2016 21:34:34] "GET /2/ HTTP/1.1" 200 5246
[03/Jun/2016 21:34:34] "GET /2/js/bootstrap.min.js HTTP/1.1" 404 3194
[03/Jun/2016 21:34:34] "GET /2/js/clean-blog.min.js HTTP/1.1" 404 3197
[03/Jun/2016 21:34:34] "GET /2/js/jquery.js HTTP/1.1" 404 3173
[03/Jun/2016 21:34:37] "GET / HTTP/1.1" 200 5003
[03/Jun/2016 21:34:37] "GET /js/clean-blog.min.js HTTP/1.1" 404 3191
[03/Jun/2016 21:34:37] "GET /js/bootstrap.min.js HTTP/1.1" 404 3188
[03/Jun/2016 21:34:37] "GET /js/jquery.js HTTP/1.1" 404 3167
[03/Jun/2016 21:34:43] "GET /2/ HTTP/1.1" 200 5246
[03/Jun/2016 21:34:43] "GET /2/js/jquery.js HTTP/1.1" 404 3173
[03/Jun/2016 21:34:43] "GET /2/js/bootstrap.min.js HTTP/1.1" 404 3194
[03/Jun/2016 21:34:43] "GET /2/js/clean-blog.min.js HTTP/1.1" 404 3197
[03/Jun/2016 21:34:48] "GET /2/comments/new/ HTTP/1.1" 200 451
[03/Jun/2016 21:45:25] "GET / HTTP/1.1" 200 5003
[03/Jun/2016 21:45:25] "GET /js/jquery.js HTTP/1.1" 404 3167
[03/Jun/2016 21:45:25] "GET /js/bootstrap.min.js HTTP/1.1" 404 3188
[03/Jun/2016 21:45:25] "GET /js/clean-blog.min.js HTTP/1.1" 404 3191
[03/Jun/2016 21:45:33] "GET /2/ HTTP/1.1" 200 5246
[03/Jun/2016 21:45:33] "GET /2/js/bootstrap.min.js HTTP/1.1" 404 3194
[03/Jun/2016 21:45:33] "GET /2/js/jquery.js HTTP/1.1" 404 3173
[03/Jun/2016 21:45:33] "GET /2/js/clean-blog.min.js HTTP/1.1" 404 3197
[03/Jun/2016 21:45:39] "GET /2/comments/2/edit/ HTTP/1.1" 200 475
[03/Jun/2016 21:45:42] "GET /2/comments/new/ HTTP/1.1" 200 451
[03/Jun/2016 21:45:45] "GET / HTTP/1.1" 200 5003
[03/Jun/2016 21:45:45] "GET /js/jquery.js HTTP/1.1" 404 3167
[03/Jun/2016 21:45:45] "GET /js/clean-blog.min.js HTTP/1.1" 404 3191
[03/Jun/2016 21:45:45] "GET /js/bootstrap.min.js HTTP/1.1" 404 3188
[03/Jun/2016 21:59:10] "GET /2/ HTTP/1.1" 200 5246
[03/Jun/2016 21:59:10] "GET /2/js/jquery.js HTTP/1.1" 404 3173
[03/Jun/2016 21:59:10] "GET /2/js/bootstrap.min.js HTTP/1.1" 404 3194
[03/Jun/2016 21:59:10] "GET /2/js/clean-blog.min.js HTTP/1.1" 404 3197
[03/Jun/2016 21:59:15] "GET / HTTP/1.1" 200 5003
[03/Jun/2016 21:59:15] "GET /js/clean-blog.min.js HTTP/1.1" 404 3191
[03/Jun/2016 21:59:15] "GET /js/jquery.js HTTP/1.1" 404 3167
[03/Jun/2016 21:59:15] "GET /js/bootstrap.min.js HTTP/1.1" 404 3188
[03/Jun/2016 21:59:22] "GET /1/ HTTP/1.1" 200 4845
[03/Jun/2016 21:59:22] "GET /1/js/jquery.js HTTP/1.1" 404 3173
[03/Jun/2016 21:59:22] "GET /1/js/bootstrap.min.js HTTP/1.1" 404 3194
[03/Jun/2016 21:59:22] "GET /1/js/clean-blog.min.js HTTP/1.1" 404 3197
[04/Jun/2016 09:05:22] "GET / HTTP/1.1" 200 5003
[04/Jun/2016 09:05:22] "GET /static/css/bootstrap.min.css HTTP/1.1" 304 0
[04/Jun/2016 09:05:22] "GET /static/css/clean-blog.min.css HTTP/1.1" 304 0
[04/Jun/2016 09:05:22] "GET /js/jquery.js HTTP/1.1" 404 3167
[04/Jun/2016 09:05:22] "GET /js/bootstrap.min.js HTTP/1.1" 404 3188
[04/Jun/2016 09:05:22] "GET /js/clean-blog.min.js HTTP/1.1" 404 3191
[04/Jun/2016 09:05:22] "GET /static/img/home-bg.jpg HTTP/1.1" 304 0
[04/Jun/2016 09:05:23] "GET /favicon.ico HTTP/1.1" 404 3164
[06/Jun/2016 09:39:18] "GET /admin/ HTTP/1.1" 302 0
[06/Jun/2016 09:39:18] "GET /admin/login/?next=/admin/ HTTP/1.1" 200 1931
[06/Jun/2016 09:39:19] "GET /favicon.ico HTTP/1.1" 404 3164
[07/Jun/2016 08:36:02] "GET /admin/ HTTP/1.1" 302 0
[07/Jun/2016 08:36:02] "GET /admin/login/?next=/admin/ HTTP/1.1" 200 1931
[07/Jun/2016 08:36:03] "GET /favicon.ico HTTP/1.1" 404 3164
[07/Jun/2016 15:45:20] "GET /admin/ HTTP/1.1" 302 0
[07/Jun/2016 15:45:20] "GET /admin/login/?next=/admin/ HTTP/1.1" 200 1931
[07/Jun/2016 15:45:20] "GET /favicon.ico HTTP/1.1" 404 3164
[08/Jun/2016 10:33:53] "GET /admin/ HTTP/1.1" 302 0
[08/Jun/2016 10:33:54] "GET /admin/login/?next=/admin/ HTTP/1.1" 200 1931
[08/Jun/2016 10:33:54] "GET /favicon.ico HTTP/1.1" 404 3164
[09/Jun/2016 22:05:47] "GET /admin/ HTTP/1.1" 302 0
[09/Jun/2016 22:05:48] "GET /admin/login/?next=/admin/ HTTP/1.1" 200 1931
[09/Jun/2016 22:05:48] "GET /favicon.ico HTTP/1.1" 404 3164
[10/Jun/2016 15:22:57] "GET /admin/ HTTP/1.1" 302 0
[10/Jun/2016 15:22:58] "GET /admin/login/?next=/admin/ HTTP/1.1" 200 1931
[10/Jun/2016 15:22:58] "GET /favicon.ico HTTP/1.1" 404 3164
[10/Jun/2016 22:21:18] "GET /favicon.ico HTTP/1.1" 404 3164
[10/Jun/2016 23:24:54] "GET /favicon.ico HTTP/1.1" 404 3164
[11/Jun/2016 19:14:18] "GET /admin/ HTTP/1.1" 302 0
[11/Jun/2016 19:14:18] "GET /admin/login/?next=/admin/ HTTP/1.1" 200 1931
[11/Jun/2016 19:14:19] "GET /favicon.ico HTTP/1.1" 404 3164
[11/Jun/2016 19:17:24] "GET /2/comments/new/ HTTP/1.1" 200 451
